<?xml version="1.0" encoding="UTF-8"?>
<!-- Generated by org.testng.reporters.JUnitXMLReporter -->
<testsuite ignored="0" hostname="SreenivasuluReddyNaga" failures="0" tests="4" name="Default test" time="0.049" errors="0" timestamp="2024-06-04T11:56:01 IST">
  <testcase classname="org.maven.DataProviderDataUseInOtherClass" name="testCaseOne" time="0.008"/>
  <testcase classname="org.maven.DataProviderDataUseInOtherClass" name="testCaseOne" time="0.001"/>
  <testcase classname="org.maven.DataProviderDataUseInOtherClass" name="testCaseOne" time="0.001"/>
  <testcase classname="org.maven.DataProviderDataUseInOtherClass" name="testCaseOne" time="0.0"/>
</testsuite> <!-- Default test -->
