<?xml version="1.0" encoding="UTF-8"?>
<testng-results ignored="0" total="1" passed="1" failed="0" skipped="0">
  <reporter-output>
    <line>
      <![CDATA[Script execting on Chromebrowser]]>
    </line>
    <line>
      <![CDATA[Browser opened and application url entered]]>
    </line>
    <line>
      <![CDATA[Total countries available in dropdown 4]]>
    </line>
    <line>
      <![CDATA[1]]>
    </line>
    <line>
      <![CDATA[2]]>
    </line>
    <line>
      <![CDATA[3]]>
    </line>
    <line>
      <![CDATA[Expected option 3 available in dropdown and selected]]>
    </line>
    <line>
      <![CDATA[Total countries available in dropdown 10]]>
    </line>
    <line>
      <![CDATA[Acapulco]]>
    </line>
    <line>
      <![CDATA[Frankfurt]]>
    </line>
    <line>
      <![CDATA[London]]>
    </line>
    <line>
      <![CDATA[Expected option London available in dropdown and selected]]>
    </line>
    <line>
      <![CDATA[Total countries available in dropdown 12]]>
    </line>
    <line>
      <![CDATA[January]]>
    </line>
    <line>
      <![CDATA[February]]>
    </line>
    <line>
      <![CDATA[March]]>
    </line>
    <line>
      <![CDATA[April]]>
    </line>
    <line>
      <![CDATA[May]]>
    </line>
    <line>
      <![CDATA[June]]>
    </line>
    <line>
      <![CDATA[July]]>
    </line>
    <line>
      <![CDATA[August]]>
    </line>
    <line>
      <![CDATA[September]]>
    </line>
    <line>
      <![CDATA[Expected option September available in dropdown and selected]]>
    </line>
    <line>
      <![CDATA[Total countries available in dropdown 31]]>
    </line>
    <line>
      <![CDATA[1]]>
    </line>
    <line>
      <![CDATA[2]]>
    </line>
    <line>
      <![CDATA[3]]>
    </line>
    <line>
      <![CDATA[4]]>
    </line>
    <line>
      <![CDATA[5]]>
    </line>
    <line>
      <![CDATA[6]]>
    </line>
    <line>
      <![CDATA[7]]>
    </line>
    <line>
      <![CDATA[8]]>
    </line>
    <line>
      <![CDATA[9]]>
    </line>
    <line>
      <![CDATA[10]]>
    </line>
    <line>
      <![CDATA[11]]>
    </line>
    <line>
      <![CDATA[12]]>
    </line>
    <line>
      <![CDATA[13]]>
    </line>
    <line>
      <![CDATA[14]]>
    </line>
    <line>
      <![CDATA[15]]>
    </line>
    <line>
      <![CDATA[16]]>
    </line>
    <line>
      <![CDATA[Expected option 16 available in dropdown and selected]]>
    </line>
    <line>
      <![CDATA[Total countries available in dropdown 10]]>
    </line>
    <line>
      <![CDATA[Acapulco]]>
    </line>
    <line>
      <![CDATA[Frankfurt]]>
    </line>
    <line>
      <![CDATA[London]]>
    </line>
    <line>
      <![CDATA[New York]]>
    </line>
    <line>
      <![CDATA[Expected option New York available in dropdown and selected]]>
    </line>
    <line>
      <![CDATA[Total countries available in dropdown 12]]>
    </line>
    <line>
      <![CDATA[January]]>
    </line>
    <line>
      <![CDATA[February]]>
    </line>
    <line>
      <![CDATA[March]]>
    </line>
    <line>
      <![CDATA[April]]>
    </line>
    <line>
      <![CDATA[May]]>
    </line>
    <line>
      <![CDATA[June]]>
    </line>
    <line>
      <![CDATA[July]]>
    </line>
    <line>
      <![CDATA[August]]>
    </line>
    <line>
      <![CDATA[September]]>
    </line>
    <line>
      <![CDATA[October]]>
    </line>
    <line>
      <![CDATA[November]]>
    </line>
    <line>
      <![CDATA[December]]>
    </line>
    <line>
      <![CDATA[Expected option London is not available in dropdown]]>
    </line>
    <line>
      <![CDATA[Total countries available in dropdown 31]]>
    </line>
    <line>
      <![CDATA[1]]>
    </line>
    <line>
      <![CDATA[2]]>
    </line>
    <line>
      <![CDATA[3]]>
    </line>
    <line>
      <![CDATA[4]]>
    </line>
    <line>
      <![CDATA[5]]>
    </line>
    <line>
      <![CDATA[6]]>
    </line>
    <line>
      <![CDATA[7]]>
    </line>
    <line>
      <![CDATA[8]]>
    </line>
    <line>
      <![CDATA[9]]>
    </line>
    <line>
      <![CDATA[10]]>
    </line>
    <line>
      <![CDATA[11]]>
    </line>
    <line>
      <![CDATA[12]]>
    </line>
    <line>
      <![CDATA[13]]>
    </line>
    <line>
      <![CDATA[14]]>
    </line>
    <line>
      <![CDATA[15]]>
    </line>
    <line>
      <![CDATA[16]]>
    </line>
    <line>
      <![CDATA[17]]>
    </line>
    <line>
      <![CDATA[18]]>
    </line>
    <line>
      <![CDATA[19]]>
    </line>
    <line>
      <![CDATA[20]]>
    </line>
    <line>
      <![CDATA[21]]>
    </line>
    <line>
      <![CDATA[22]]>
    </line>
    <line>
      <![CDATA[23]]>
    </line>
    <line>
      <![CDATA[24]]>
    </line>
    <line>
      <![CDATA[25]]>
    </line>
    <line>
      <![CDATA[26]]>
    </line>
    <line>
      <![CDATA[27]]>
    </line>
    <line>
      <![CDATA[28]]>
    </line>
    <line>
      <![CDATA[29]]>
    </line>
    <line>
      <![CDATA[30]]>
    </line>
    <line>
      <![CDATA[31]]>
    </line>
    <line>
      <![CDATA[Expected option September is not available in dropdown]]>
    </line>
    <line>
      <![CDATA[Total countries available in dropdown 31]]>
    </line>
    <line>
      <![CDATA[1]]>
    </line>
    <line>
      <![CDATA[2]]>
    </line>
    <line>
      <![CDATA[3]]>
    </line>
    <line>
      <![CDATA[4]]>
    </line>
    <line>
      <![CDATA[5]]>
    </line>
    <line>
      <![CDATA[6]]>
    </line>
    <line>
      <![CDATA[7]]>
    </line>
    <line>
      <![CDATA[8]]>
    </line>
    <line>
      <![CDATA[9]]>
    </line>
    <line>
      <![CDATA[10]]>
    </line>
    <line>
      <![CDATA[11]]>
    </line>
    <line>
      <![CDATA[12]]>
    </line>
    <line>
      <![CDATA[13]]>
    </line>
    <line>
      <![CDATA[14]]>
    </line>
    <line>
      <![CDATA[15]]>
    </line>
    <line>
      <![CDATA[16]]>
    </line>
    <line>
      <![CDATA[Expected option 16 available in dropdown and selected]]>
    </line>
    <line>
      <![CDATA[Total countries available in dropdown 4]]>
    </line>
    <line>
      <![CDATA[No Preference]]>
    </line>
    <line>
      <![CDATA[Blue Skies Airlines]]>
    </line>
    <line>
      <![CDATA[Unified Airlines]]>
    </line>
    <line>
      <![CDATA[Expected option Unified Airlines available in dropdown and selected]]>
    </line>
    <line>
      <![CDATA[Test execution complete and browser session closed]]>
    </line>
  </reporter-output>
  <suite started-at="2024-07-04T11:34:20 IST" name="TrainingTestSuite" finished-at="2024-07-04T11:34:35 IST" duration-ms="14284">
    <groups>
    </groups>
    <test started-at="2024-07-04T11:34:20 IST" name="Testing mercury flight search functionality" finished-at="2024-07-04T11:34:35 IST" duration-ms="14284">
      <class name="org.pagefactory.tests.FindFlightsTest">
        <test-method is-config="true" signature="excelPaths(java.lang.String,java.lang.String)[pri:0, instance:org.pagefactory.tests.FindFlightsTest@2ed2d9cb]" started-at="2024-07-04T11:34:21 IST" name="excelPaths" finished-at="2024-07-04T11:34:21 IST" duration-ms="18" status="PASS">
          <params>
            <param index="0">
              <value>
                <![CDATA[src/test/resources/TestData.xlsx]]>
              </value>
            </param>
            <param index="1">
              <value>
                <![CDATA[Registration]]>
              </value>
            </param>
          </params>
          <reporter-output>
          </reporter-output>
        </test-method> <!-- excelPaths -->
        <test-method is-config="true" signature="setUp(java.lang.String,java.lang.String)[pri:0, instance:org.pagefactory.tests.FindFlightsTest@2ed2d9cb]" started-at="2024-07-04T11:34:21 IST" name="setUp" finished-at="2024-07-04T11:34:26 IST" duration-ms="5577" status="PASS">
          <params>
            <param index="0">
              <value>
                <![CDATA[https://demo.guru99.com/test/newtours/index.php]]>
              </value>
            </param>
            <param index="1">
              <value>
                <![CDATA[Chrome]]>
              </value>
            </param>
          </params>
          <reporter-output>
            <line>
              <![CDATA[Script execting on Chromebrowser]]>
            </line>
            <line>
              <![CDATA[Browser opened and application url entered]]>
            </line>
          </reporter-output>
        </test-method> <!-- setUp -->
        <test-method signature="searchFlightsTest()[pri:0, instance:org.pagefactory.tests.FindFlightsTest@2ed2d9cb]" started-at="2024-07-04T11:34:26 IST" name="searchFlightsTest" finished-at="2024-07-04T11:34:35 IST" duration-ms="8508" status="PASS">
          <reporter-output>
            <line>
              <![CDATA[Total countries available in dropdown 4]]>
            </line>
            <line>
              <![CDATA[1]]>
            </line>
            <line>
              <![CDATA[2]]>
            </line>
            <line>
              <![CDATA[3]]>
            </line>
            <line>
              <![CDATA[Expected option 3 available in dropdown and selected]]>
            </line>
            <line>
              <![CDATA[Total countries available in dropdown 10]]>
            </line>
            <line>
              <![CDATA[Acapulco]]>
            </line>
            <line>
              <![CDATA[Frankfurt]]>
            </line>
            <line>
              <![CDATA[London]]>
            </line>
            <line>
              <![CDATA[Expected option London available in dropdown and selected]]>
            </line>
            <line>
              <![CDATA[Total countries available in dropdown 12]]>
            </line>
            <line>
              <![CDATA[January]]>
            </line>
            <line>
              <![CDATA[February]]>
            </line>
            <line>
              <![CDATA[March]]>
            </line>
            <line>
              <![CDATA[April]]>
            </line>
            <line>
              <![CDATA[May]]>
            </line>
            <line>
              <![CDATA[June]]>
            </line>
            <line>
              <![CDATA[July]]>
            </line>
            <line>
              <![CDATA[August]]>
            </line>
            <line>
              <![CDATA[September]]>
            </line>
            <line>
              <![CDATA[Expected option September available in dropdown and selected]]>
            </line>
            <line>
              <![CDATA[Total countries available in dropdown 31]]>
            </line>
            <line>
              <![CDATA[1]]>
            </line>
            <line>
              <![CDATA[2]]>
            </line>
            <line>
              <![CDATA[3]]>
            </line>
            <line>
              <![CDATA[4]]>
            </line>
            <line>
              <![CDATA[5]]>
            </line>
            <line>
              <![CDATA[6]]>
            </line>
            <line>
              <![CDATA[7]]>
            </line>
            <line>
              <![CDATA[8]]>
            </line>
            <line>
              <![CDATA[9]]>
            </line>
            <line>
              <![CDATA[10]]>
            </line>
            <line>
              <![CDATA[11]]>
            </line>
            <line>
              <![CDATA[12]]>
            </line>
            <line>
              <![CDATA[13]]>
            </line>
            <line>
              <![CDATA[14]]>
            </line>
            <line>
              <![CDATA[15]]>
            </line>
            <line>
              <![CDATA[16]]>
            </line>
            <line>
              <![CDATA[Expected option 16 available in dropdown and selected]]>
            </line>
            <line>
              <![CDATA[Total countries available in dropdown 10]]>
            </line>
            <line>
              <![CDATA[Acapulco]]>
            </line>
            <line>
              <![CDATA[Frankfurt]]>
            </line>
            <line>
              <![CDATA[London]]>
            </line>
            <line>
              <![CDATA[New York]]>
            </line>
            <line>
              <![CDATA[Expected option New York available in dropdown and selected]]>
            </line>
            <line>
              <![CDATA[Total countries available in dropdown 12]]>
            </line>
            <line>
              <![CDATA[January]]>
            </line>
            <line>
              <![CDATA[February]]>
            </line>
            <line>
              <![CDATA[March]]>
            </line>
            <line>
              <![CDATA[April]]>
            </line>
            <line>
              <![CDATA[May]]>
            </line>
            <line>
              <![CDATA[June]]>
            </line>
            <line>
              <![CDATA[July]]>
            </line>
            <line>
              <![CDATA[August]]>
            </line>
            <line>
              <![CDATA[September]]>
            </line>
            <line>
              <![CDATA[October]]>
            </line>
            <line>
              <![CDATA[November]]>
            </line>
            <line>
              <![CDATA[December]]>
            </line>
            <line>
              <![CDATA[Expected option London is not available in dropdown]]>
            </line>
            <line>
              <![CDATA[Total countries available in dropdown 31]]>
            </line>
            <line>
              <![CDATA[1]]>
            </line>
            <line>
              <![CDATA[2]]>
            </line>
            <line>
              <![CDATA[3]]>
            </line>
            <line>
              <![CDATA[4]]>
            </line>
            <line>
              <![CDATA[5]]>
            </line>
            <line>
              <![CDATA[6]]>
            </line>
            <line>
              <![CDATA[7]]>
            </line>
            <line>
              <![CDATA[8]]>
            </line>
            <line>
              <![CDATA[9]]>
            </line>
            <line>
              <![CDATA[10]]>
            </line>
            <line>
              <![CDATA[11]]>
            </line>
            <line>
              <![CDATA[12]]>
            </line>
            <line>
              <![CDATA[13]]>
            </line>
            <line>
              <![CDATA[14]]>
            </line>
            <line>
              <![CDATA[15]]>
            </line>
            <line>
              <![CDATA[16]]>
            </line>
            <line>
              <![CDATA[17]]>
            </line>
            <line>
              <![CDATA[18]]>
            </line>
            <line>
              <![CDATA[19]]>
            </line>
            <line>
              <![CDATA[20]]>
            </line>
            <line>
              <![CDATA[21]]>
            </line>
            <line>
              <![CDATA[22]]>
            </line>
            <line>
              <![CDATA[23]]>
            </line>
            <line>
              <![CDATA[24]]>
            </line>
            <line>
              <![CDATA[25]]>
            </line>
            <line>
              <![CDATA[26]]>
            </line>
            <line>
              <![CDATA[27]]>
            </line>
            <line>
              <![CDATA[28]]>
            </line>
            <line>
              <![CDATA[29]]>
            </line>
            <line>
              <![CDATA[30]]>
            </line>
            <line>
              <![CDATA[31]]>
            </line>
            <line>
              <![CDATA[Expected option September is not available in dropdown]]>
            </line>
            <line>
              <![CDATA[Total countries available in dropdown 31]]>
            </line>
            <line>
              <![CDATA[1]]>
            </line>
            <line>
              <![CDATA[2]]>
            </line>
            <line>
              <![CDATA[3]]>
            </line>
            <line>
              <![CDATA[4]]>
            </line>
            <line>
              <![CDATA[5]]>
            </line>
            <line>
              <![CDATA[6]]>
            </line>
            <line>
              <![CDATA[7]]>
            </line>
            <line>
              <![CDATA[8]]>
            </line>
            <line>
              <![CDATA[9]]>
            </line>
            <line>
              <![CDATA[10]]>
            </line>
            <line>
              <![CDATA[11]]>
            </line>
            <line>
              <![CDATA[12]]>
            </line>
            <line>
              <![CDATA[13]]>
            </line>
            <line>
              <![CDATA[14]]>
            </line>
            <line>
              <![CDATA[15]]>
            </line>
            <line>
              <![CDATA[16]]>
            </line>
            <line>
              <![CDATA[Expected option 16 available in dropdown and selected]]>
            </line>
            <line>
              <![CDATA[Total countries available in dropdown 4]]>
            </line>
            <line>
              <![CDATA[No Preference]]>
            </line>
            <line>
              <![CDATA[Blue Skies Airlines]]>
            </line>
            <line>
              <![CDATA[Unified Airlines]]>
            </line>
            <line>
              <![CDATA[Expected option Unified Airlines available in dropdown and selected]]>
            </line>
          </reporter-output>
        </test-method> <!-- searchFlightsTest -->
        <test-method is-config="true" signature="tearDown()[pri:0, instance:org.pagefactory.tests.FindFlightsTest@2ed2d9cb]" started-at="2024-07-04T11:34:35 IST" name="tearDown" finished-at="2024-07-04T11:34:35 IST" duration-ms="148" status="PASS">
          <reporter-output>
            <line>
              <![CDATA[Test execution complete and browser session closed]]>
            </line>
          </reporter-output>
        </test-method> <!-- tearDown -->
      </class> <!-- org.pagefactory.tests.FindFlightsTest -->
    </test> <!-- Testing mercury flight search functionality -->
  </suite> <!-- TrainingTestSuite -->
</testng-results>
