<?xml version="1.0" encoding="UTF-8"?>
<testng-results ignored="0" total="1" passed="1" failed="0" skipped="0">
  <reporter-output>
    <line>
      <![CDATA[Script execting on Chromebrowser]]>
    </line>
    <line>
      <![CDATA[Browser opened and application url entered]]>
    </line>
    <line>
      <![CDATA[Austria]]>
    </line>
    <line>
      <![CDATA[UK]]>
    </line>
    <line>
      <![CDATA[Test execution complete and browser session closed]]>
    </line>
  </reporter-output>
  <suite started-at="2024-06-21T11:35:59 IST" name="TrainingTestSuite" finished-at="2024-06-21T11:36:06 IST" duration-ms="7185">
    <groups>
    </groups>
    <test started-at="2024-06-21T11:35:59 IST" name="Testing mercury registration functionality" finished-at="2024-06-21T11:36:06 IST" duration-ms="7185">
      <class name="org.maven.StaleElementReferenceExceptionTest">
        <test-method is-config="true" signature="excelPaths(java.lang.String,java.lang.String)[pri:0, instance:org.maven.StaleElementReferenceExceptionTest@6bbe85a8]" started-at="2024-06-21T11:35:59 IST" name="excelPaths" finished-at="2024-06-21T11:35:59 IST" duration-ms="13" status="PASS">
          <params>
            <param index="0">
              <value>
                <![CDATA[src/test/resources/TestData.xlsx]]>
              </value>
            </param>
            <param index="1">
              <value>
                <![CDATA[Registration]]>
              </value>
            </param>
          </params>
          <reporter-output>
          </reporter-output>
        </test-method> <!-- excelPaths -->
        <test-method is-config="true" signature="setUp(java.lang.String,java.lang.String)[pri:0, instance:org.maven.StaleElementReferenceExceptionTest@6bbe85a8]" started-at="2024-06-21T11:35:59 IST" name="setUp" finished-at="2024-06-21T11:36:02 IST" duration-ms="2951" status="PASS">
          <params>
            <param index="0">
              <value>
                <![CDATA[https://www.w3schools.com/html/html_tables.asp]]>
              </value>
            </param>
            <param index="1">
              <value>
                <![CDATA[Chrome]]>
              </value>
            </param>
          </params>
          <reporter-output>
            <line>
              <![CDATA[Script execting on Chromebrowser]]>
            </line>
            <line>
              <![CDATA[Browser opened and application url entered]]>
            </line>
          </reporter-output>
        </test-method> <!-- setUp -->
        <test-method signature="staleElementTest()[pri:0, instance:org.maven.StaleElementReferenceExceptionTest@6bbe85a8]" started-at="2024-06-21T11:36:02 IST" name="staleElementTest" finished-at="2024-06-21T11:36:06 IST" duration-ms="3897" status="PASS">
          <reporter-output>
            <line>
              <![CDATA[Austria]]>
            </line>
            <line>
              <![CDATA[UK]]>
            </line>
          </reporter-output>
        </test-method> <!-- staleElementTest -->
        <test-method is-config="true" signature="tearDown()[pri:0, instance:org.maven.StaleElementReferenceExceptionTest@6bbe85a8]" started-at="2024-06-21T11:36:06 IST" name="tearDown" finished-at="2024-06-21T11:36:06 IST" duration-ms="278" status="PASS">
          <reporter-output>
            <line>
              <![CDATA[Test execution complete and browser session closed]]>
            </line>
          </reporter-output>
        </test-method> <!-- tearDown -->
      </class> <!-- org.maven.StaleElementReferenceExceptionTest -->
    </test> <!-- Testing mercury registration functionality -->
  </suite> <!-- TrainingTestSuite -->
</testng-results>
