<?xml version="1.0" encoding="UTF-8"?>
<!-- Generated by org.testng.reporters.JUnitXMLReporter -->
<testsuite ignored="0" hostname="SreenivasuluReddyNaga" failures="0" tests="2" name="Understanding TestNg Annotations" time="0.052" errors="0" timestamp="2024-04-30T11:58:01 IST">
  <testcase classname="org.maven.TestNGAnnotationsDemo" name="secondTest" time="0.001"/>
  <testcase classname="org.maven.TestNGAnnotationsDemo" name="firstTest" time="0.0"/>
</testsuite> <!-- Understanding TestNg Annotations -->
